typedef unsigned long ULONG;

ULONG	SCRIPT[] = {
	0x78360000L,	0x00000000L,
	0x7837FF00L,	0x00000000L,
	0x54000000L,	0x00000340L,
	0x80820000L,	0x00000030L,
	0x16000000L,	0x00000000L,
	0x808C0006L,	0x00000468L,
	0x808C000CL,	0x00000478L,
	0x808C7F00L,	0x00000290L,
	0x6C370700L,	0x00000000L,
	0x888A0000L,	0x000003A8L,
	0x12000000L,	0x00000020L,
	0x7C01DF00L,	0x00000000L,
	0x6A340000L,	0x00000000L,
	0x808C1F00L,	0x00000030L,
	0x808C1F20L,	0x000000B4L,
	0x808C1F40L,	0x000000ACL,
	0x808C1FA0L,	0x000000B8L,
	0x808C1FC0L,	0x00000010L,
	0x808C1FE0L,	0x0000001CL,
	0x98080000L,	0x00000007L,
	0xC0000001L,	0x00000000L,	0x00000000L,
	0x80880000L,	0x000000A8L,
	0x88880000L,	0x0000040CL,
	0x6A5E0000L,	0x00000000L,
	0xC0000001L,	0x00000000L,	0x00000000L,
	0x88880000L,	0x000003F0L,
	0x6A5F0000L,	0x00000000L,
	0xC0000001L,	0x00000000L,	0x00000000L,
	0x88880000L,	0x000003D4L,
	0x6A5C0000L,	0x00000000L,
	0xC0000001L,	0x00000000L,	0x00000000L,
	0x88880000L,	0x000003B8L,
	0x6A350000L,	0x00000000L,
	0xC0000001L,	0x00000000L,	0x00000000L,
	0x80880000L,	0x00000030L,
	0xC0000001L,	0x00000000L,	0x00000000L,
	0x80880000L,	0x0000001CL,
	0xC0000001L,	0x00000000L,	0x00000000L,
	0x725F0000L,	0x00000000L,
	0x6A350000L,	0x00000000L,
	0x72370000L,	0x00000000L,
	0x808400FFL,	0x00000014L,
	0xC0000001L,	0x00000000L,	0x00000000L,
	0x745DE000L,	0x00000000L,
	0x808C0000L,	0x000000C8L,
	0x72340000L,	0x00000000L,
	0x808C0003L,	0x00000080L,
	0x808C0013L,	0x00000094L,
	0x785E0500L,	0x00000000L,
	0xC0000001L,	0x00000000L,	0x00000000L,
	0x785C2500L,	0x00000000L,
	0xC0000001L,	0x00000000L,	0x00000000L,
	0x785D0000L,	0x00000000L,
	0xC0000001L,	0x00000000L,	0x00000000L,
	0x785E4100L,	0x00000000L,
	0xC0000001L,	0x00000000L,	0x00000000L,
	0x13000000L,	0x00000040L,
	0x17000000L,	0x00000050L,
	0x78012000L,	0x00000000L,
	0x48000000L,	0x00000000L,
	0x80880000L,	0xFFFFFDE8L,
	0xC0000001L,	0x00000000L,	0x00000000L,
	0x11000000L,	0x00000070L,
	0x80880000L,	0x0000007CL,
	0xC0000001L,	0x00000000L,	0x00000000L,
	0x11000000L,	0x00000088L,
	0x80880000L,	0x00000060L,
	0x72360000L,	0x00000000L,
	0x80840000L,	0x00000040L,
	0x72350000L,	0x00000000L,
	0x808CFE01L,	0x00000030L,
	0x72340000L,	0x00000000L,
	0x808C0000L,	0x00000160L,
	0x808C0002L,	0x000000D8L,
	0x808C0005L,	0x00000150L,
	0x808C000EL,	0x000000D8L,
	0x808C0010L,	0x000000E0L,
	0x78360100L,	0x00000000L,
	0x98080000L,	0x00000001L,
	0x13000000L,	0x00000028L,
	0x17000000L,	0x00000048L,
	0x72350000L,	0x00000000L,
	0x808CFE01L,	0xFFFFFD80L,
	0x78012000L,	0x00000000L,
	0x48000000L,	0x00000000L,
	0x80880000L,	0xFFFFFD18L,
	0x11000000L,	0x00000060L,
	0x80880000L,	0xFFFFFFB8L,
	0x11000000L,	0x00000068L,
	0x98080000L,	0x00000008L,
	0x11000000L,	0x00000078L,
	0x80880000L,	0xFFFFFF98L,
	0x11000000L,	0x00000080L,
	0x98080000L,	0x00000004L,
	0x11000000L,	0x00000090L,
	0x80880000L,	0xFFFFFF78L,
	0x11000000L,	0x00000098L,
	0x98080000L,	0x00000005L,
	0x10000000L,	0x00000098L,
	0x98080000L,	0x00000006L,
	0x98080000L,	0x00000003L,
	0x11000000L,	0x00000060L,
	0x80880000L,	0x00000070L,
	0x11000000L,	0x00000078L,
	0x80880000L,	0x00000060L,
	0xC0000001L,	0x00000000L,	0x00000000L,
	0x725E0000L,	0x00000000L,
	0x6A5C0000L,	0x00000000L,
	0xC0000001L,	0x00000000L,	0x00000000L,
	0xC0000001L,	0x00000000L,	0x00000000L,
	0x725C0000L,	0x00000000L,
	0x6A5D0000L,	0x00000000L,
	0xC0000001L,	0x00000000L,	0x00000000L,
	0x11000000L,	0x00000090L,
	0x80880000L,	0x00000000L,
	0x13000000L,	0x00000030L,
	0x17000000L,	0x00000050L,
	0x80880000L,	0xFFFFFED8L,
	0x90020000L,	0x00000000L,
	0x16000000L,	0x00000008L,
	0x808C0001L,	0x00000020L,
	0x808C0006L,	0x00000080L,
	0x808C0008L,	0xFFFFFFD8L,
	0x808C000CL,	0x00000088L,
	0x98080000L,	0x00000002L,
	0x98020000L,	0x00000009L,
	0x16000000L,	0x00000008L,
	0x98020000L,	0x00000009L,
	0x16000000L,	0x00000008L,
	0x808C0001L,	0x00000010L,
	0x808C0003L,	0x00000020L,
	0x98080000L,	0x00000009L,
	0x16000000L,	0x00000010L,
	0x17000000L,	0x00000058L,
	0x80880000L,	0xFFFFFF78L,
	0x16000000L,	0x00000018L,
	0x17000000L,	0x00000058L,
	0x80880000L,	0xFFFFFF60L,
	0x78012000L,	0x00000000L,
	0x48000000L,	0x00000000L,
	0x80880000L,	0xFFFFFB50L,
	0x78012000L,	0x00000000L,
	0x48000000L,	0x00000000L,
	0x98080000L,	0x000004B0L,
	0x7A098000L,	0x00000000L,
	0x720B0000L,	0x00000000L,
	0x8004BF40L,	0x000004D0L,
	0x72580000L,	0x00000000L,
	0x6A5C0000L,	0x00000000L,
	0x7C097F00L,	0x00000000L,
	0x720B0000L,	0x00000000L,
	0x800CBF40L,	0x000004D0L,
	0x725C0000L,	0x00000000L,
	0x90080000L,	0x00000000L

};

ULONG E_chipreg_scratchb0_Used[] = {
	0x00000040L,
	0x00000070L,
	0x000000E8L,
	0x000000ECL
};

ULONG E_chipreg_scratcha1_Used[] = {
	0x0000002AL,
	0x00000047L,
	0x0000004DL
};

ULONG E_chipreg_scratchb1_Used[] = {
	0x0000005DL,
	0x00000075L,
	0x000000F2L
};

ULONG E_chipreg_scratchb2_Used[] = {
	0x00000032L,
	0x0000006BL,
	0x0000007AL,
	0x000000E2L
};

ULONG E_chipreg_scratchb3_Used[] = {
	0x00000039L,
	0x00000052L
};

ULONG E_command_buf_1_Used[] = {
	0x0000005CL
};

ULONG E_command_buf_11_Used[] = {
	0x00000051L
};

ULONG E_command_buf_4_Used[] = {
	0x00000087L,
	0x0000008EL
};

ULONG E_command_buf_5_Used[] = {
	0x00000029L
};

ULONG E_command_buf_6_Used[] = {
	0x00000033L
};

ULONG E_command_buf_7_Used[] = {
	0x0000003AL
};

ULONG E_command_buf_8_Used[] = {
	0x00000041L
};

ULONG E_command_buf_9_Used[] = {
	0x00000048L,
	0x0000004CL
};

ULONG E_inq_badlun_buf_count_Used[] = {
	0x0000008FL
};

ULONG E_reg_extype_Used[] = {
	0x000000EBL
};

ULONG E_reg_runflag_Used[] = {
	0x000000E1L
};

ULONG E_runstate0_Used[] = {
	0x000000E9L
};

ULONG E_runstate1_Used[] = {
	0x000000F3L
};

ULONG E_sense_addbytes_Used[] = {
	0x0000007BL
};

ULONG E_sense_asc_Used[] = {
	0x00000071L
};

ULONG E_sense_ascq_Used[] = {
	0x00000076L
};

ULONG E_sense_key_Used[] = {
	0x0000006CL
};

ULONG E_sns_badlun_buf_count_Used[] = {
	0x00000088L
};

#define A_processor_command	0x00000001L
#define A_non_handled_msg	0x00000002L
#define A_got_SIGP	0x00000003L
#define A_inquiry_sent	0x00000004L
#define A_memory_sent	0x00000005L
#define A_memory_recvd	0x00000006L
#define A_non_handled_cmd	0x00000007L
#define A_req_sense_sent	0x00000008L
#define A_bad_extended_msg	0x00000009L
#define Ent_recv_memory      	0x00000348L
#define Ent_send_inquiry     	0x00000318L
#define Ent_send_id          	0x000002E8L
#define Ent_send_memory      	0x00000338L
#define Ent_send_regs_addr   	0x00000308L
#define Ent_send_runstate    	0x00000328L
#define Ent_send_sense       	0x000002F8L
#define Ent_stat_mess        	0x000002B0L
#define Ent_wait_select      	0x00000000L


ULONG	LABELPATCHES[] = {
	0x00000131L,
	0x00000137L,
	0x00000141L
};

